# JRE version: OpenJDK Runtime Environment Temurin-21.0.8+9 (21.0.8+9) (build 21.0.8+9-LTS)
# Java VM: OpenJDK 64-Bit Server VM Temurin-21.0.8+9 (21.0.8+9-LTS, mixed mode, sharing, tiered, compressed oops, compressed class ptrs, parallel gc, windows-amd64)
GC Precious Log:
 CardTable entry size: 512
 CPUs: 8 total, 8 available
 Memory: 15284M
 Large Page Support: Disabled
 NUMA Support: Disabled
 Compressed Oops: Enabled (32-bit)
 Alignments: Space 512K, Generation 512K, Heap 2M
 Heap Min Capacity: 100M
 Heap Initial Capacity: 100M
 Heap Max Capacity: 2G
 Pre-touch: Disabled
 Parallel Workers: 8
Heap:
 PSYoungGen      total 7680K, used 5446K [0x00000000d5580000, 0x00000000d5e00000, 0x0000000100000000)
  eden space 6656K, 67% used [0x00000000d5580000,0x00000000d59e0720,0x00000000d5c00000)
  from space 1024K, 94% used [0x00000000d5c00000,0x00000000d5cf1210,0x00000000d5d00000)
  to   space 1024K, 0% used [0x00000000d5d00000,0x00000000d5d00000,0x00000000d5e00000)
 ParOldGen       total 201216K, used 201160K [0x0000000080000000, 0x000000008c480000, 0x00000000d5580000)
  object space 201216K, 99% used [0x0000000080000000,0x000000008c4720c0,0x000000008c480000)
 Metaspace       used 71852K, committed 73536K, reserved 1114112K
  class space    used 7446K, committed 8256K, reserved 1048576K
GC Heap History (20 events):
Event: 100.230 GC heap before
{Heap before GC invocations=199 (full 3):
 PSYoungGen      total 8192K, used 8180K [0x00000000d5580000, 0x00000000d6080000, 0x0000000100000000)
  eden space 7168K, 100% used [0x00000000d5580000,0x00000000d5c80000,0x00000000d5c80000)
  from space 1024K, 98% used [0x00000000d5d00000,0x00000000d5dfd200,0x00000000d5e00000)
  to   space 2048K, 0% used [0x00000000d5e80000,0x00000000d5e80000,0x00000000d6080000)
 ParOldGen       total 193024K, used 192825K [0x0000000080000000, 0x000000008bc80000, 0x00000000d5580000)
  object space 193024K, 99% used [0x0000000080000000,0x000000008bc4e590,0x000000008bc80000)
 Metaspace       used 71484K, committed 73152K, reserved 1114112K
  class space    used 7446K, committed 8256K, reserved 1048576K
}
Event: 100.233 GC heap after
{Heap after GC invocations=199 (full 3):
 PSYoungGen      total 8192K, used 868K [0x00000000d5580000, 0x00000000d5f80000, 0x0000000100000000)
  eden space 7168K, 0% used [0x00000000d5580000,0x00000000d5580000,0x00000000d5c80000)
  from space 1024K, 84% used [0x00000000d5e80000,0x00000000d5f59210,0x00000000d5f80000)
  to   space 1536K, 0% used [0x00000000d5c80000,0x00000000d5c80000,0x00000000d5e00000)
 ParOldGen       total 194048K, used 193794K [0x0000000080000000, 0x000000008bd80000, 0x00000000d5580000)
  object space 194048K, 99% used [0x0000000080000000,0x000000008bd40a40,0x000000008bd80000)
 Metaspace       used 71484K, committed 73152K, reserved 1114112K
  class space    used 7446K, committed 8256K, reserved 1048576K
}
Event: 100.255 GC heap before
{Heap before GC invocations=200 (full 3):
 PSYoungGen      total 8192K, used 8036K [0x00000000d5580000, 0x00000000d5f80000, 0x0000000100000000)
  eden space 7168K, 100% used [0x00000000d5580000,0x00000000d5c80000,0x00000000d5c80000)
  from space 1024K, 84% used [0x00000000d5e80000,0x00000000d5f59210,0x00000000d5f80000)
  to   space 1536K, 0% used [0x00000000d5c80000,0x00000000d5c80000,0x00000000d5e00000)
 ParOldGen       total 194048K, used 193794K [0x0000000080000000, 0x000000008bd80000, 0x00000000d5580000)
  object space 194048K, 99% used [0x0000000080000000,0x000000008bd40a40,0x000000008bd80000)
 Metaspace       used 71503K, committed 73152K, reserved 1114112K
  class space    used 7446K, committed 8256K, reserved 1048576K
}
Event: 100.258 GC heap after
{Heap after GC invocations=200 (full 3):
 PSYoungGen      total 8704K, used 1188K [0x00000000d5580000, 0x00000000d5f80000, 0x0000000100000000)
  eden space 7168K, 0% used [0x00000000d5580000,0x00000000d5580000,0x00000000d5c80000)
  from space 1536K, 77% used [0x00000000d5c80000,0x00000000d5da9210,0x00000000d5e00000)
  to   space 1536K, 0% used [0x00000000d5e00000,0x00000000d5e00000,0x00000000d5f80000)
 ParOldGen       total 195072K, used 194631K [0x0000000080000000, 0x000000008be80000, 0x00000000d5580000)
  object space 195072K, 99% used [0x0000000080000000,0x000000008be11c70,0x000000008be80000)
 Metaspace       used 71503K, committed 73152K, reserved 1114112K
  class space    used 7446K, committed 8256K, reserved 1048576K
}
Event: 100.280 GC heap before
{Heap before GC invocations=201 (full 3):
 PSYoungGen      total 8704K, used 8356K [0x00000000d5580000, 0x00000000d5f80000, 0x0000000100000000)
  eden space 7168K, 100% used [0x00000000d5580000,0x00000000d5c80000,0x00000000d5c80000)
  from space 1536K, 77% used [0x00000000d5c80000,0x00000000d5da9210,0x00000000d5e00000)
  to   space 1536K, 0% used [0x00000000d5e00000,0x00000000d5e00000,0x00000000d5f80000)
 ParOldGen       total 195072K, used 194631K [0x0000000080000000, 0x000000008be80000, 0x00000000d5580000)
  object space 195072K, 99% used [0x0000000080000000,0x000000008be11c70,0x000000008be80000)
 Metaspace       used 71535K, committed 73216K, reserved 1114112K
  class space    used 7446K, committed 8256K, reserved 1048576K
}
Event: 100.283 GC heap after
{Heap after GC invocations=201 (full 3):
 PSYoungGen      total 8192K, used 832K [0x00000000d5580000, 0x00000000d5f00000, 0x0000000100000000)
  eden space 7168K, 0% used [0x00000000d5580000,0x00000000d5580000,0x00000000d5c80000)
  from space 1024K, 81% used [0x00000000d5e00000,0x00000000d5ed0000,0x00000000d5f00000)
  to   space 1024K, 0% used [0x00000000d5d00000,0x00000000d5d00000,0x00000000d5e00000)
 ParOldGen       total 196096K, used 195659K [0x0000000080000000, 0x000000008bf80000, 0x00000000d5580000)
  object space 196096K, 99% used [0x0000000080000000,0x000000008bf12ec0,0x000000008bf80000)
 Metaspace       used 71535K, committed 73216K, reserved 1114112K
  class space    used 7446K, committed 8256K, reserved 1048576K
}
Event: 100.484 GC heap before
{Heap before GC invocations=202 (full 3):
 PSYoungGen      total 8192K, used 8000K [0x00000000d5580000, 0x00000000d5f00000, 0x0000000100000000)
  eden space 7168K, 100% used [0x00000000d5580000,0x00000000d5c80000,0x00000000d5c80000)
  from space 1024K, 81% used [0x00000000d5e00000,0x00000000d5ed0000,0x00000000d5f00000)
  to   space 1024K, 0% used [0x00000000d5d00000,0x00000000d5d00000,0x00000000d5e00000)
 ParOldGen       total 196096K, used 195659K [0x0000000080000000, 0x000000008bf80000, 0x00000000d5580000)
  object space 196096K, 99% used [0x0000000080000000,0x000000008bf12ec0,0x000000008bf80000)
 Metaspace       used 71653K, committed 73344K, reserved 1114112K
  class space    used 7446K, committed 8256K, reserved 1048576K
}
Event: 100.486 GC heap after
{Heap after GC invocations=202 (full 3):
 PSYoungGen      total 8192K, used 788K [0x00000000d5580000, 0x00000000d5e80000, 0x0000000100000000)
  eden space 7168K, 0% used [0x00000000d5580000,0x00000000d5580000,0x00000000d5c80000)
  from space 1024K, 77% used [0x00000000d5d00000,0x00000000d5dc5200,0x00000000d5e00000)
  to   space 512K, 0% used [0x00000000d5e00000,0x00000000d5e00000,0x00000000d5e80000)
 ParOldGen       total 196608K, used 196416K [0x0000000080000000, 0x000000008c000000, 0x00000000d5580000)
  object space 196608K, 99% used [0x0000000080000000,0x000000008bfd0180,0x000000008c000000)
 Metaspace       used 71653K, committed 73344K, reserved 1114112K
  class space    used 7446K, committed 8256K, reserved 1048576K
}
Event: 100.535 GC heap before
{Heap before GC invocations=203 (full 3):
 PSYoungGen      total 8192K, used 7956K [0x00000000d5580000, 0x00000000d5e80000, 0x0000000100000000)
  eden space 7168K, 100% used [0x00000000d5580000,0x00000000d5c80000,0x00000000d5c80000)
  from space 1024K, 77% used [0x00000000d5d00000,0x00000000d5dc5200,0x00000000d5e00000)
  to   space 512K, 0% used [0x00000000d5e00000,0x00000000d5e00000,0x00000000d5e80000)
 ParOldGen       total 196608K, used 196416K [0x0000000080000000, 0x000000008c000000, 0x00000000d5580000)
  object space 196608K, 99% used [0x0000000080000000,0x000000008bfd0180,0x000000008c000000)
 Metaspace       used 71666K, committed 73344K, reserved 1114112K
  class space    used 7446K, committed 8256K, reserved 1048576K
}
Event: 100.537 GC heap after
{Heap after GC invocations=203 (full 3):
 PSYoungGen      total 7168K, used 512K [0x00000000d5580000, 0x00000000d6080000, 0x0000000100000000)
  eden space 6656K, 0% used [0x00000000d5580000,0x00000000d5580000,0x00000000d5c00000)
  from space 512K, 100% used [0x00000000d5e00000,0x00000000d5e80000,0x00000000d5e80000)
  to   space 2048K, 0% used [0x00000000d5c00000,0x00000000d5c00000,0x00000000d5e00000)
 ParOldGen       total 197632K, used 197449K [0x0000000080000000, 0x000000008c100000, 0x00000000d5580000)
  object space 197632K, 99% used [0x0000000080000000,0x000000008c0d2650,0x000000008c100000)
 Metaspace       used 71666K, committed 73344K, reserved 1114112K
  class space    used 7446K, committed 8256K, reserved 1048576K
}
Event: 102.125 GC heap before
{Heap before GC invocations=204 (full 3):
 PSYoungGen      total 7168K, used 7168K [0x00000000d5580000, 0x00000000d6080000, 0x0000000100000000)
  eden space 6656K, 100% used [0x00000000d5580000,0x00000000d5c00000,0x00000000d5c00000)
  from space 512K, 100% used [0x00000000d5e00000,0x00000000d5e80000,0x00000000d5e80000)
  to   space 2048K, 0% used [0x00000000d5c00000,0x00000000d5c00000,0x00000000d5e00000)
 ParOldGen       total 197632K, used 197449K [0x0000000080000000, 0x000000008c100000, 0x00000000d5580000)
  object space 197632K, 99% used [0x0000000080000000,0x000000008c0d2650,0x000000008c100000)
 Metaspace       used 71743K, committed 73472K, reserved 1114112K
  class space    used 7446K, committed 8256K, reserved 1048576K
}
Event: 102.126 GC heap after
{Heap after GC invocations=204 (full 3):
 PSYoungGen      total 7680K, used 1012K [0x00000000d5580000, 0x00000000d5f00000, 0x0000000100000000)
  eden space 6656K, 0% used [0x00000000d5580000,0x00000000d5580000,0x00000000d5c00000)
  from space 1024K, 98% used [0x00000000d5c00000,0x00000000d5cfd200,0x00000000d5d00000)
  to   space 1536K, 0% used [0x00000000d5d80000,0x00000000d5d80000,0x00000000d5f00000)
 ParOldGen       total 198144K, used 197977K [0x0000000080000000, 0x000000008c180000, 0x00000000d5580000)
  object space 198144K, 99% used [0x0000000080000000,0x000000008c156650,0x000000008c180000)
 Metaspace       used 71743K, committed 73472K, reserved 1114112K
  class space    used 7446K, committed 8256K, reserved 1048576K
}
Event: 102.163 GC heap before
{Heap before GC invocations=205 (full 3):
 PSYoungGen      total 7680K, used 7668K [0x00000000d5580000, 0x00000000d5f00000, 0x0000000100000000)
  eden space 6656K, 100% used [0x00000000d5580000,0x00000000d5c00000,0x00000000d5c00000)
  from space 1024K, 98% used [0x00000000d5c00000,0x00000000d5cfd200,0x00000000d5d00000)
  to   space 1536K, 0% used [0x00000000d5d80000,0x00000000d5d80000,0x00000000d5f00000)
 ParOldGen       total 198144K, used 197977K [0x0000000080000000, 0x000000008c180000, 0x00000000d5580000)
  object space 198144K, 99% used [0x0000000080000000,0x000000008c156650,0x000000008c180000)
 Metaspace       used 71772K, committed 73472K, reserved 1114112K
  class space    used 7446K, committed 8256K, reserved 1048576K
}
Event: 102.165 GC heap after
{Heap after GC invocations=205 (full 3):
 PSYoungGen      total 8192K, used 996K [0x00000000d5580000, 0x00000000d5f00000, 0x0000000100000000)
  eden space 6656K, 0% used [0x00000000d5580000,0x00000000d5580000,0x00000000d5c00000)
  from space 1536K, 64% used [0x00000000d5d80000,0x00000000d5e79210,0x00000000d5f00000)
  to   space 1536K, 0% used [0x00000000d5c00000,0x00000000d5c00000,0x00000000d5d80000)
 ParOldGen       total 199168K, used 198835K [0x0000000080000000, 0x000000008c280000, 0x00000000d5580000)
  object space 199168K, 99% used [0x0000000080000000,0x000000008c22cd40,0x000000008c280000)
 Metaspace       used 71772K, committed 73472K, reserved 1114112K
  class space    used 7446K, committed 8256K, reserved 1048576K
}
Event: 108.490 GC heap before
{Heap before GC invocations=206 (full 3):
 PSYoungGen      total 8192K, used 7652K [0x00000000d5580000, 0x00000000d5f00000, 0x0000000100000000)
  eden space 6656K, 100% used [0x00000000d5580000,0x00000000d5c00000,0x00000000d5c00000)
  from space 1536K, 64% used [0x00000000d5d80000,0x00000000d5e79210,0x00000000d5f00000)
  to   space 1536K, 0% used [0x00000000d5c00000,0x00000000d5c00000,0x00000000d5d80000)
 ParOldGen       total 199168K, used 198835K [0x0000000080000000, 0x000000008c280000, 0x00000000d5580000)
  object space 199168K, 99% used [0x0000000080000000,0x000000008c22cd40,0x000000008c280000)
 Metaspace       used 71808K, committed 73536K, reserved 1114112K
  class space    used 7446K, committed 8256K, reserved 1048576K
}
Event: 108.492 GC heap after
{Heap after GC invocations=206 (full 3):
 PSYoungGen      total 7680K, used 842K [0x00000000d5580000, 0x00000000d5e00000, 0x0000000100000000)
  eden space 6656K, 0% used [0x00000000d5580000,0x00000000d5580000,0x00000000d5c00000)
  from space 1024K, 82% used [0x00000000d5c00000,0x00000000d5cd2910,0x00000000d5d00000)
  to   space 1024K, 0% used [0x00000000d5d00000,0x00000000d5d00000,0x00000000d5e00000)
 ParOldGen       total 200192K, used 199729K [0x0000000080000000, 0x000000008c380000, 0x00000000d5580000)
  object space 200192K, 99% used [0x0000000080000000,0x000000008c30c6e0,0x000000008c380000)
 Metaspace       used 71808K, committed 73536K, reserved 1114112K
  class space    used 7446K, committed 8256K, reserved 1048576K
}
Event: 108.523 GC heap before
{Heap before GC invocations=207 (full 3):
 PSYoungGen      total 7680K, used 7498K [0x00000000d5580000, 0x00000000d5e00000, 0x0000000100000000)
  eden space 6656K, 100% used [0x00000000d5580000,0x00000000d5c00000,0x00000000d5c00000)
  from space 1024K, 82% used [0x00000000d5c00000,0x00000000d5cd2910,0x00000000d5d00000)
  to   space 1024K, 0% used [0x00000000d5d00000,0x00000000d5d00000,0x00000000d5e00000)
 ParOldGen       total 200192K, used 199729K [0x0000000080000000, 0x000000008c380000, 0x00000000d5580000)
  object space 200192K, 99% used [0x0000000080000000,0x000000008c30c6e0,0x000000008c380000)
 Metaspace       used 71815K, committed 73536K, reserved 1114112K
  class space    used 7446K, committed 8256K, reserved 1048576K
}
Event: 108.525 GC heap after
{Heap after GC invocations=207 (full 3):
 PSYoungGen      total 7680K, used 736K [0x00000000d5580000, 0x00000000d5e00000, 0x0000000100000000)
  eden space 6656K, 0% used [0x00000000d5580000,0x00000000d5580000,0x00000000d5c00000)
  from space 1024K, 71% used [0x00000000d5d00000,0x00000000d5db8000,0x00000000d5e00000)
  to   space 1024K, 0% used [0x00000000d5c00000,0x00000000d5c00000,0x00000000d5d00000)
 ParOldGen       total 200704K, used 200508K [0x0000000080000000, 0x000000008c400000, 0x00000000d5580000)
  object space 200704K, 99% used [0x0000000080000000,0x000000008c3cf070,0x000000008c400000)
 Metaspace       used 71815K, committed 73536K, reserved 1114112K
  class space    used 7446K, committed 8256K, reserved 1048576K
}
Event: 128.024 GC heap before
{Heap before GC invocations=208 (full 3):
 PSYoungGen      total 7680K, used 7392K [0x00000000d5580000, 0x00000000d5e00000, 0x0000000100000000)
  eden space 6656K, 100% used [0x00000000d5580000,0x00000000d5c00000,0x00000000d5c00000)
  from space 1024K, 71% used [0x00000000d5d00000,0x00000000d5db8000,0x00000000d5e00000)
  to   space 1024K, 0% used [0x00000000d5c00000,0x00000000d5c00000,0x00000000d5d00000)
 ParOldGen       total 200704K, used 200508K [0x0000000080000000, 0x000000008c400000, 0x00000000d5580000)
  object space 200704K, 99% used [0x0000000080000000,0x000000008c3cf070,0x000000008c400000)
 Metaspace       used 71836K, committed 73536K, reserved 1114112K
  class space    used 7446K, committed 8256K, reserved 1048576K
}
Event: 128.026 GC heap after
{Heap after GC invocations=208 (full 3):
 PSYoungGen      total 7680K, used 964K [0x00000000d5580000, 0x00000000d5e00000, 0x0000000100000000)
  eden space 6656K, 0% used [0x00000000d5580000,0x00000000d5580000,0x00000000d5c00000)
  from space 1024K, 94% used [0x00000000d5c00000,0x00000000d5cf1210,0x00000000d5d00000)
  to   space 1024K, 0% used [0x00000000d5d00000,0x00000000d5d00000,0x00000000d5e00000)
 ParOldGen       total 201216K, used 201160K [0x0000000080000000, 0x000000008c480000, 0x00000000d5580000)
  object space 201216K, 99% used [0x0000000080000000,0x000000008c4720c0,0x000000008c480000)
 Metaspace       used 71836K, committed 73536K, reserved 1114112K
  class space    used 7446K, committed 8256K, reserved 1048576K
}

